serving resources from: jar:file:/home/hadoop/shell/lib/KafkaOffsetMonitor-assembly-0.2.0.jar!/offsetapp
SLF4J: Failed to load class "org.slf4j.impl.StaticLoggerBinder".
SLF4J: Defaulting to no-operation (NOP) logger implementation
SLF4J: See http://www.slf4j.org/codes.html#StaticLoggerBinder for further details.
2018-09-28 01:50:02.037:INFO:oejs.Server:jetty-7.x.y-SNAPSHOT
log4j:WARN No appenders could be found for logger (org.I0Itec.zkclient.ZkConnection).
log4j:WARN Please initialize the log4j system properly.
log4j:WARN See http://logging.apache.org/log4j/1.2/faq.html#noconfig for more info.
2018-09-28 01:50:02.188:INFO:oejsh.ContextHandler:started o.e.j.s.ServletContextHandler{/,jar:file:/home/hadoop/shell/lib/KafkaOffsetMonitor-assembly-0.2.0.jar!/offsetapp}
2018-09-28 01:50:02.248:INFO:oejs.AbstractConnector:Started SocketConnector@0.0.0.0:8080
serving resources from: jar:file:/home/hadoop/shell/lib/KafkaOffsetMonitor-assembly-0.2.0.jar!/offsetapp
SLF4J: Failed to load class "org.slf4j.impl.StaticLoggerBinder".
SLF4J: Defaulting to no-operation (NOP) logger implementation
SLF4J: See http://www.slf4j.org/codes.html#StaticLoggerBinder for further details.
2018-10-11 06:34:35.748:INFO:oejs.Server:jetty-7.x.y-SNAPSHOT
log4j:WARN No appenders could be found for logger (org.I0Itec.zkclient.ZkEventThread).
log4j:WARN Please initialize the log4j system properly.
log4j:WARN No appenders could be found for logger (org.I0Itec.zkclient.ZkConnection).
log4j:WARN Please initialize the log4j system properly.
log4j:WARN See http://logging.apache.org/log4j/1.2/faq.html#noconfig for more info.
log4j:WARN See http://logging.apache.org/log4j/1.2/faq.html#noconfig for more info.
2018-10-11 06:34:36.237:INFO:oejsh.ContextHandler:started o.e.j.s.ServletContextHandler{/,jar:file:/home/hadoop/shell/lib/KafkaOffsetMonitor-assembly-0.2.0.jar!/offsetapp}
2018-10-11 06:34:36.563:INFO:oejs.AbstractConnector:Started SocketConnector@0.0.0.0:8080
